LABELS

0	G
100	X
101	X
302	G
303	G
403	L

/END LABELS

DATA
	1	0.0	0.0	0.0	8.98345154951	8.98345154951	1.29078616455
	2	0.0	0.0	0.0	8.97378035009	8.96804501457	1.29083903457
	3	0.0	0.0	0.0	8.94492198789	8.92210574979	1.29099788707
	4	0.0	0.0	0.0	8.89732667526	8.84651633305	1.29126012965
	5	0.0	0.0	0.0	8.83175005598	8.74268968921	1.29163022333
	6	0.0	0.0	0.0	8.74919917136	8.61252058714	1.2921074162
	7	0.0	0.0	0.0	8.65088304511	8.4582782026	1.29269524648
	8	0.0	0.0	0.0	8.53821657089	8.28255541907	1.2933958642
	9	0.0	0.0	0.0	8.41273751489	8.08814549249	1.29421008058
	10	0.0	0.0	0.0	8.27604817978	7.87794364989	1.29514312477
	11	0.0	0.0	0.0	8.12981134557	7.65488934423	1.2961973827
	12	0.0	0.0	0.0	7.97566567105	7.42183248947	1.29737726721
	13	0.0	2.66208462331	0.0	7.8152241457	7.18155327953	1.29868718634
	14	0.0	2.66427678429	1.11382023476	7.65001574776	6.93661309729	1.30013130835
	15	0.0	2.66945257716	1.11145644012	7.4814772822	6.68941120596	1.30171501549
	16	0.0	2.67648388481	1.10986083995	7.31091826998	6.44211974543	1.30344456564
	17	6.04558948887	2.68456793477	1.10884579137	7.13954224526	6.1966371716	1.30532597142
	18	5.90543696309	2.69298914701	1.10829732633	6.96840077896	5.95465298541	1.30736663842
	19	5.7763634495	2.70120215674	1.10810911859	6.79841920626	5.71761031058	1.30957280534
	20	5.65609286147	2.70874460685	1.10821352444	6.63039130669	5.48672436249	1.31195430364
	21	5.5431183441	2.71521273756	1.10855460731	6.46497977027	5.2629995192	1.31451853931
	22	5.43638909284	2.72026541629	1.10907516997	6.30273336172	5.04723817501	1.31727693922
	23	5.33505474747	2.72365975274	1.10974218002	6.1440882137	4.84005869453	1.32024002673
	24	5.23859401577	2.72515113663	1.11051094349	5.9893996739	4.64192179106	1.32341955495
	25	5.14661726442	2.72456591645	1.16608311809	5.56482371644	4.45313293335	1.32683027304
	26	5.05881365394	2.72179192535	5.69278902835	1.11222050052	4.27386560564	1.33048575877
	27	4.97493186954	2.71674068011	5.55116167182	1.11309676639	4.10419009488	1.33440291875
	28	4.89481164523	2.70936934017	5.4140782745	1.1139422336	3.94406723327	1.33860193485
	29	4.81829578725	2.69968303306	5.28154047342	1.1147200458	3.79337334842	1.34310355417
	30	4.74524017937	2.68771082199	5.1535206266	1.11539750895	3.65191436294	1.34792780309
	31	4.6755288757	2.67351778201	5.02995436292	1.11593489387	3.51944558688	1.35310139522
	32	4.60903590175	2.65719833837	4.91075493805	1.11629303721	3.39566346925	1.35865020831
	33	4.54563922977	2.63886764429	4.79583052668	1.11643478012	3.28023270201	1.36460483069
	34	4.48522088739	2.61865793441	4.68506373313	1.11771855251	3.16880056472	1.37099106069
	35	4.42762814582	2.59672828851	4.57835123042	3.07294056869	1.11588811987	1.37784302753
	36	4.37270344378	2.57323706755	4.47558620292	2.98029496849	1.11512480088	1.38518474579
	37	4.32027370207	2.5483558461	4.37667341844	2.89444988453	1.11397742625	1.39304340541
	38	4.27012986193	2.52226688989	4.28154689645	2.81499483973	1.11242421052	1.40143723439
	39	4.22204317843	2.4951483413	4.19015369455	2.74152965266	1.11044204517	1.41037232687
	40	4.17574508869	2.46718384259	4.10248017272	2.67365834927	1.10803362008	1.41983868962
	41	4.13093029181	2.43855270543	4.01855349407	2.6109955459	1.10521678393	1.42980728284
	42	4.0872492874	2.40942912225	3.9384370258	2.55316782892	1.10204902858	1.44021134182
	43	4.04430319102	2.37999083222	3.86223970728	2.49982025542	1.0986206546	1.45094904818
	44	4.00165841958	2.35039484218	3.79011942737	2.45060744194	1.09507104986	1.46187373525
	45	3.95884482678	2.32080443433	3.72226421569	2.40520484968	1.09158453721	1.47279282499
	46	3.91537712001	2.29136921255	3.6588805506	2.36330260276	1.08839211784	1.48346745652
	47	3.87076706173	2.2622308236	3.60018180303	2.32461464832	1.08575428961	1.49363282906
	48	3.82455616489	2.23352579961	3.54634844778	2.28886902287	1.08393956199	1.50301595376
	49	3.77634425357	2.20537606164	3.49751085086	2.25580734545	1.08319286237	1.5113654974
	50	3.72580769996	2.17790272795	3.45372065882	2.24039452063	1.07636237994	1.51848366646
	51	3.6727273099	2.15121419229	3.4149256602	1.08561682796	2.1968202064	1.52424758183
	52	3.61698882884	2.12540983843	3.38097721846	1.08894283488	2.17046850913	1.52862486157
	53	3.55857819376	2.10057838667	3.3516189367	1.09364554455	2.14595553505	1.53165887393
	54	3.49756529268	2.07680744872	3.32652363371	1.09962160328	2.12310898323	1.53345976653
	55	3.43407024587	2.05417601623	3.30529939353	1.10672727793	2.10177095943	1.53417670173
	56	3.36825159259	2.03275006033	3.28753718628	1.11480683423	2.08179553247	1.53396968374
	57	3.30026284485	2.01259719502	3.27282062415	1.12371251668	2.06304852697	1.53299812734
	58	3.23024201323	1.99376899532	3.26075581996	1.1333188818	2.04540914449	1.53140014474
	59	3.15829356576	1.97631821953	3.2509863738	1.14352017366	2.028767694	1.52929266853
	60	3.08449191523	1.96028725522	3.24319301404	1.15424130623	2.0130234114	1.52676289771
	61	3.00886316133	1.94571505996	3.23710530835	1.16543381092	1.99808418324	1.5238772974
	62	2.93140058978	1.93262987551	3.23249506297	1.17707091311	1.9838692493	1.52068243963
	63	2.85206984101	1.92106079156	3.22917329476	1.18913847975	1.97030404563	1.51720722626
	64	2.77081511618	1.91102395133	3.22698212673	1.20164142066	1.95732184787	1.51346838927
	65	2.68756048416	1.90253401215	3.22579888753	1.21458930927	1.94486029316	1.50947426808
	66	2.60223198654	1.89559698562	3.22551452537	1.22800078674	1.93287038466	1.50522741035
	67	2.51475353315	1.89021295667	3.22604930877	1.24189345578	1.92130215932	1.50072734564
	68	2.42506190049	1.88637467115	3.22732995827	1.25629086682	1.91011339747	1.49596932922
	69	2.33308500839	1.88407270852	3.22928928821	1.27120242911	1.89926766929	1.49095060324
	70	2.23884962429	1.88328080541	3.23189285776	1.28665748009	1.88873334543	1.48567144176
	71	2.1423493802	1.88397558665	3.23508787584	1.30265912832	1.87848605461	1.4801299298
	72	2.04363816627	1.88611956236	3.23883208807	1.31921162231	1.86849992992	1.47432570376
	73	1.94281413612	1.88966898275	3.24308558917	1.3363128218	1.858757868	1.46826252325
	74	1.84003123698	1.8945723175	3.25556267383	1.35072725493	1.84924825987	1.46194534747
	75	1.73549261856	1.90077415585	1.37209834493	3.25297998969	1.83995939643	1.4553833228
	76	1.6294748648	1.90819770765	1.39072828349	3.25854565502	1.83088704014	1.44858762055
	77	1.52229613899	1.91677454643	1.40979125524	3.26446763947	1.82203085106	1.44157019554
	78	1.41436603177	1.92641885183	1.42923437763	3.27071468882	1.81339003953	1.43434864242
	79	1.30614211903	1.93703624929	1.44898775532	3.27723781762	1.80497527608	1.42694218763
	80	1.19813649423	1.94852846391	1.46896780799	3.28399368295	1.79679606344	1.41937155328
	81	1.0909245455	1.96079049711	1.48908193443	3.29093446992	1.78886699554	1.41165938283
	82	0.985143460951	1.97370634343	1.50921901871	3.29801154787	1.7812079006	1.40383646973
	83	0.88145823636	1.98715881869	1.52926259596	3.30516707002	1.77383843192	1.39592802763
	84	0.780555259065	2.00102180549	1.54907799713	3.31234540981	1.76678534497	1.38796731357
	85	0.683167395281	2.01517101478	1.56852969475	3.31948576572	1.7600755981	1.3799907467
	86	0.0	2.02947213975	1.58746894242	3.32652113541	1.75373947763	1.3720337118
	87	0.0	2.04379245964	1.60574870157	3.33338780723	1.74780938015	1.36413666276
	88	0.0	2.05800341271	1.62319586564	3.34000607419	1.74231827133	1.35634435612
	89	0.0	2.07197069002	1.63965898191	3.34630377149	1.73729900535	1.34869949373
	90	0.0	2.08556188625	1.65498233874	3.35219997259	1.73278090622	1.34125230584
	91	0.0	2.09866140066	1.66901006227	3.35761111505	1.72879857159	1.33405424899
	92	0.0	2.1111414966	1.6815956551	3.36245441452	1.72537722312	1.32716215338
	93	0.0	2.12289690503	1.69260095425	3.36663853809	1.72253975986	1.32063503077
	94	0.0	2.13382056553	1.70189450674	3.37007225769	1.72031043205	1.31453331103
	95	0.0	2.14382094946	1.70936450341	3.37266658702	1.71869853595	1.30892562721
	96	0.0	2.15282016978	1.71490731814	3.37432628318	1.7177138065	1.30387875833
	97	0.0	2.16073923356	1.71843988307	3.37495930371	1.71736035366	1.29946383695
	98	0.0	2.16752520948	1.71988986963	3.37447569165	1.71763190481	1.29575692292
	99	0.0	2.17312951416	1.71920581206	3.37278332004	1.71851982434	1.29283249176
	100	0.0	2.17752294462	1.7163550075	3.36979653292	1.72000463424	1.29076486687
	101	0.0	2.18068483891	1.71132234085	3.36543519257	1.72206547087	1.28963067202
	102	0.0	2.18068483891	1.71132234085	3.36543519257	1.72206547087	1.28963067202
	103	0.0	2.18091142373	1.71036123411	3.36425945627	1.72231274426	1.28967251246
	104	0.0	2.18128150822	1.70872959014	3.36233676184	1.72269101729	1.29000283639
	105	0.0	2.18147358733	1.70642506217	3.35881467794	1.72303660636	1.290494872
	106	0.0	2.18192249255	1.70244072311	3.35327151103	1.7237593686	1.29134279981
	107	0.0	2.1819796285	1.69871994018	3.34708998477	1.72417921614	1.29229534514
	108	0.0	2.18254691256	1.69440396416	3.3413608327	1.72495343222	1.29368576667
	109	0.0	2.18251385502	1.68944938074	3.33294172098	1.72546408085	1.29506424843
	110	0.0	2.18272279655	1.68253290701	3.32239012689	1.72646407324	1.29698780663
	111	0.0	2.1824918063	1.67632002686	3.31149170531	1.72703033272	1.29879046895
	112	0.0	2.18307086135	1.66963682232	3.30221642266	1.72815553082	1.3011521885
	113	0.0	2.18268829822	1.66236456574	3.28927709215	1.72878659146	1.30333474789
	114	0.0	2.18247947539	1.65296187364	3.27416869102	1.73000447293	1.30621608694
	115	0.0	2.18185007018	1.6446499022	3.25902599387	1.73066658734	1.30876649074
	116	0.0	2.18224862147	1.63602738405	3.2465843705	1.73206564623	1.31196370429
	117	0.0	2.18141058058	1.62688075591	3.22966406089	1.7327666334	1.3148314195
	118	0.0	2.18064005081	1.61554055038	3.21059180085	1.73413054656	1.31850511358
	119	0.0	2.17952330651	1.60561657358	3.19179972293	1.7348383755	1.32166741742
	120	0.0	2.17902185283	1.59381597503	3.17201207231	1.73626042981	1.32593748733
	121	0.0	2.17821127187	1.58504856619	3.15637842786	1.73716339853	1.32893218453
	122	0.0	2.17678546801	1.5723911866	3.1340163413	1.7386184553	1.33320081792
	123	0.0	2.17515065303	1.56139650594	3.11223623341	1.73933565659	1.33681365201
	124	0.68382748939	2.1747041913	1.55043549631	3.09486928422	1.74108496913	1.34115056372
	125	0.733383952696	2.1728256751	1.53912529905	3.07192310743	1.74180823723	1.34492082688
	126	0.793320202094	2.17073271063	1.52578913297	3.04697496601	1.74332261764	1.34956880626
	127	0.854792154012	2.1684534333	1.51238462704	3.02144180986	1.74485456661	1.35428090967
	128	0.908533116751	2.16621578592	1.50085630081	2.99684669827	1.74556562165	1.35821382606
	129	0.948987715029	2.1650464615	1.48952578013	2.97740059943	1.74747208401	1.36286589026
	130	1.00451494489	2.16262678037	1.47801395595	2.95203601777	1.74818638556	1.36685274113
	131	1.06996525503	2.15982801153	1.46471966755	2.92480259537	1.74976536189	1.37166646274
	132	1.11436505167	2.15792550995	1.45530620542	2.90482792758	1.75076533853	1.37516456374
	133	1.16951053131	2.15563006208	1.44229006583	2.87822400141	1.7524862726	1.38036049053
	134	1.22715508073	2.1530161965	1.43119394658	2.85169433566	1.75319613097	1.38433345851
	135	1.29401307854	2.14996188531	1.41855281472	2.82341311632	1.75482042065	1.38905292384
	136	1.35168261263	2.14740193946	1.4078578903	2.79651944822	1.75552080292	1.39295808155
	137	1.394651423	2.14538761809	1.39743344393	2.77538752122	1.75763440028	1.39755235888
	138	1.45186338446	2.14288422391	1.38718050625	2.74829289342	1.75833584813	1.4013727955
	139	1.51731373598	2.13993713569	1.37565157016	2.71956630009	1.7599879944	1.40583621724
	140	1.56102810258	2.13803024337	1.36759362836	2.69868854436	1.76102846861	1.40907515987
	141	1.61461907981	2.13557149055	1.3565586113	2.67108934838	1.76285929659	1.41389744934
	142	1.66886439208	2.13352626494	1.34749065769	2.64396725597	1.76353460646	1.41745537415
	143	1.73027876264	2.1311206794	1.33742810617	2.61532847764	1.7651763163	1.42153808921
	144	1.78193295231	2.12950385318	1.32909297962	2.58839466641	1.76581810705	1.42492021806
	145	1.82025854201	2.1276199343	1.32090337484	2.56727604708	1.76802998356	1.42898390795
	146	1.86943563004	2.12636940086	1.31326714638	2.54059282548	1.76864078486	1.43219964622
	147	1.92473398021	2.12492561997	1.30492232001	2.5125021388	1.77021017203	1.43581859868
	148	1.96086389596	2.12410674291	1.29917346863	2.49224635494	1.77117854833	1.43848404725
	149	2.00450417677	2.12286713408	1.29134029716	2.46562800048	1.77293325894	1.44253616036
	150	2.04724381316	2.12266541218	1.28529295166	2.4397789772	1.77342446728	1.44536049208
	151	2.09520594914	2.12248963626	1.27882388177	2.4126239348	1.77484012891	1.44847005252
	152	2.13412733657	2.12293562658	1.27365346575	2.38736168334	1.77523810695	1.45107268665
	153	2.15665913942	2.12242129115	1.26909736939	2.36913181878	1.77634500716	1.4540668777
	154	2.19921066263	2.12320033341	1.26401988432	2.34287233916	1.77759836951	1.4568061552
	155	2.23959297703	2.12441482224	1.25949615646	2.31697304715	1.77876985769	1.45938935906
	156	2.25920984305	2.12423345841	1.25590140725	2.29945788661	1.77977208608	1.46217097821
	157	2.29026658455	2.12592909282	1.2527272754	2.27578613258	1.7799174148	1.46427284867
	158	2.32560828338	2.1280387398	1.24959598017	2.25097862929	1.78086896214	1.46648340489
	159	2.3590487502	2.1305337267	1.24701016095	2.22660423496	1.78171760993	1.46854120639
	160	2.37519897007	2.1307203964	1.24468110831	2.21022155782	1.78253742418	1.47102977404
	161	2.40035892035	2.13328551629	1.24314424439	2.18814694645	1.78241106139	1.47269527421
	162	2.42964583067	2.136443554	1.241894576	2.16503464405	1.78299921485	1.47438019947
	163	2.45205892115	2.13933058548	1.24117724995	2.14389871188	1.78272405091	1.4758095558
	164	2.47106119255	2.14018241684	1.24003163821	2.12732910828	1.78408112023	1.47809711629
	165	2.4916574128	2.14320283437	1.24001793267	2.10705361052	1.7836695587	1.47931466419
	166	2.51648903072	2.14690891495	1.24049921263	2.0858525661	1.78388218482	1.48047224839
	167	2.53514673262	2.14997661188	1.2412150321	2.06661639069	1.78333404426	1.48144512549
	168	2.5525103682	2.15083738546	1.24139973373	2.05155664699	1.78438278057	1.48332548159
	169	2.57007031973	2.1537890387	1.24272126628	2.03326920588	1.78371992146	1.4840712899
	170	2.59220175845	2.15740019476	1.24469526493	2.01418806688	1.78360975443	1.4846819442
	171	2.6086269933	2.16009833853	1.24661018911	1.99703666101	1.78285398974	1.48516513273
	172	2.62759108766	2.16128259246	1.2484534274	1.98000566014	1.78305730041	1.486450542
	173	2.6416196553	2.16288496028	1.25030210731	1.96754126563	1.78282531369	1.48683451057
	174	2.66267029854	2.16575617204	1.25343088707	1.95079478917	1.78252334259	1.48685739276
	175	2.67817843408	2.1676038837	1.25623294274	1.93591548426	1.78168717995	1.48680666308
	176	2.69590237793	2.16726263743	1.25837466073	1.92438608437	1.78233842255	1.48773718105
	177	2.71706657144	2.1692867644	1.26210424113	1.90951196349	1.78201568422	1.48728419708
	178	2.73258150165	2.17031121527	1.26533116283	1.8964368099	1.78121716977	1.48679797173
	179	2.75386282127	2.17162655753	1.26929738523	1.88298723427	1.78097040104	1.4860103431
	180	2.76710384718	2.16981246811	1.27126941863	1.87452414086	1.78112647148	1.48653611048
	181	2.78884247848	2.17054728276	1.27536294956	1.86240119301	1.78095376727	1.48542617827
	182	2.80459744494	2.17048017967	1.27877562748	1.85197204407	1.78031821857	1.48434469787
	183	2.82657264856	2.17055106576	1.28284183894	1.84154943626	1.78017066283	1.48290877847
	184	2.84083149981	2.16819272887	1.28492312282	1.83538714271	1.7801578658	1.482902389
	185	2.86320958248	2.16781367372	1.28889448406	1.82724523936	1.77929895845	1.48116681155
	186	2.87912082879	2.16691534965	1.29208952807	1.80940467825	1.78915853228	1.47953065866
	187	2.90154873659	2.1660609077	1.29579685846	1.78988995627	1.80155058202	1.47753044593
	188	2.91726305633	2.16485229147	1.29871696777	1.78810037525	1.797071807	1.47567204225
	189	2.93907971104	2.16242523773	1.30114408672	1.78912350008	1.79296060331	1.47481056386
	190	2.95464896376	2.16112086125	1.303789411	1.78979214761	1.78750354274	1.47277209385
	191	2.97685155483	2.15980645738	1.30677665574	1.79180972544	1.78193713032	1.47041804475
	192	2.99169262507	2.15850545322	1.30864367546	1.79343663088	1.77828282922	1.46886834169
	193	3.01390558897	2.15615179712	1.31091313448	1.79624218196	1.77399607775	1.46713485325
	194	3.02836340825	2.15488547725	1.31278833481	1.79853236303	1.77002484914	1.46496092085
	195	3.04936887001	2.15358718809	1.31483320182	1.80239133175	1.76610848121	1.46256997844
	196	3.06321572029	2.15248875477	1.31604395566	1.80525739918	1.76363366419	1.46102016072
	197	3.08419092653	2.15071081204	1.31747061814	1.8097014992	1.760872297	1.4592949652
	198	3.09662162134	2.14986179999	1.31847454864	1.8135642922	1.75822580126	1.45729057646
	199	3.10834867608	2.14916006321	1.31925962585	1.81783865226	1.7558514887	1.4553757327
	200	3.12736146116	2.14835232966	1.31999613401	1.82365430629	1.75407247486	1.45385787161
	201	3.14594273503	2.1474899322	1.3205353265	1.82994476821	1.75244574176	1.452429064
	202	3.15535559875	2.14733022875	1.32066721695	1.83556649249	1.7507571924	1.45081326907
	203	3.15535559875	2.14733022875	1.32066721695	1.83556649249	1.7507571924	1.45081326907
	204	3.11728413153	2.14738357782	1.31953277991	1.81880945202	1.75571622727	1.45568154881
	205	3.06701888059	2.14649263974	1.31622637553	1.80449447406	1.76203765484	1.46178972231
	206	3.01941496172	2.14509445143	1.31190509922	1.79529188034	1.76799003255	1.46738533492
	207	2.9627663358	2.1418604401	1.30483266522	1.78771344097	1.77671905299	1.4754444766
	208	2.911002178	2.13720574901	1.29651666989	1.78375021993	1.7862983363	1.4840904509
	209	2.85108921871	2.13123664248	1.28595040069	1.78150224273	1.79764124892	1.49380120379
	210	2.7995012966	2.12586152146	1.27636250809	1.78907468635	1.79927479298	1.50175664808
	211	2.74013150256	2.11760780551	1.26373219867	1.82116712903	1.78194906287	1.5120599066
	212	2.68191374917	2.10823612973	1.25057326955	1.83577997243	1.78431286689	1.52227040987
	213	2.63379273436	2.10057269689	1.23994494028	1.84808374523	1.78650567449	1.52991142715
	214	2.57910697442	2.08969053616	1.22705282591	1.86417894641	1.79019224003	1.53922391539
	215	2.53141844335	2.07811429659	1.21534382617	1.88009730507	1.79436449703	1.54771627624
	216	2.48081622268	2.06615181912	1.20406999134	1.89719829433	1.79857164948	1.55548318859
	217	2.44004451648	2.05724384013	1.19628701194	1.91094133088	1.80159598471	1.56063082919
	218	2.39332436133	2.045074072	1.18777507333	1.92837400731	1.80574855711	1.56676232007
	219	2.35191695499	2.03252370128	1.18094804733	1.94514876452	1.80996599958	1.5722904711
	220	2.3112573805	2.01991052936	1.17584184811	1.96192421239	1.81404838572	1.57719792866
	221	2.26740136249	2.00795356237	1.17327361964	1.9792277853	1.81766163479	1.58128426606
	222	2.23104363575	1.99993709614	1.17385885015	1.99261943074	1.81982585168	1.58374507114
	223	2.18669069938	1.98862973222	1.17616220245	2.00950669297	1.82290165198	1.58702700985
	224	2.14469620916	1.97658982875	1.17992710856	2.02573516287	1.82623297758	1.59021879086
	225	2.18106184766	1.8905481846	1.187551138	2.04223549217	1.82893719512	1.59286319653
	226	1.95896643242	2.05745716327	1.19673524619	2.05482584737	1.83024933889	1.59450971461
	227	1.94855655806	2.00688139737	1.20902818105	2.07096891388	1.83273076772	1.59675529162
	228	1.93680144773	1.95816250256	1.2214147002	2.0867526134	1.83603079806	1.59879521681
	229	1.92645041259	1.90398764537	1.23744377705	2.10276014055	1.83880658273	1.60039618665
	230	1.92178641765	1.85484527525	1.25461955101	2.11510124001	1.83938366228	1.6014145643
	231	1.90998549076	1.80288507872	1.27049248148	2.13092559551	1.84359282958	1.60230837888
	232	1.8998239357	1.74730644403	1.28895838898	2.14701654809	1.84749486333	1.60270595203
	233	1.89391035275	1.70290082609	1.30486862243	2.15926413387	1.84995452402	1.60274444353
	234	1.88288240963	1.65358284045	1.32122573693	2.1755833506	1.85596446338	1.60186383869
	235	1.87431287672	1.60396815071	1.33911833123	2.19223774825	1.86186890625	1.60038106184
	236	1.86720049742	1.5586414078	1.3563570686	2.20919440803	1.86857244046	1.59811529998
	237	1.86085478957	1.52060609397	1.37147666387	2.22650750338	1.87678111756	1.59489328597
	238	1.86155314136	1.49113093612	1.38586501182	2.23972664609	1.88135793043	1.59243304591
	239	1.86075699901	1.46409544774	1.39985480881	2.25777060967	1.89046143092	1.58797508857
	240	1.86407824275	1.44344270674	1.41363019758	2.27629879257	1.89964256041	1.58298869946
	241	1.87243738092	1.43173775565	1.42557168472	2.29039152764	1.90510378656	1.57925269294
	242	1.88386601612	1.42415600904	1.43896709605	2.30980188372	1.91372282165	1.57367913911
	243	1.90105831728	1.4240394797	1.45298831285	2.32968881918	1.92104428653	1.56809021956
	244	1.92225065179	1.43031429979	1.4674891995	2.35020270945	1.92720980241	1.56254651369
	245	1.94872047072	1.44429062498	1.4830153015	2.37119421756	1.9312220778	1.55726528487
	246	1.97232276962	1.4622196366	1.49469249264	2.3870782769	1.93260655978	1.55350615467
	247	2.00527052215	1.48605476246	1.51318668277	2.40913208108	1.93211798539	1.54885070266
	248	2.04199939635	1.51510469376	1.53437106984	2.4317600007	1.9280955698	1.54464544263
	249	2.07263155965	1.54583251828	1.54992426987	2.44865054268	1.92283399832	1.5417220243
	250	2.11516010123	1.583413157	1.57705038643	2.47220536549	1.91123865079	1.53828271228
	251	2.1610462187	1.62744642092	1.60756757263	2.49607737053	1.89462995678	1.53520541546
	252	2.20964151914	1.67305813019	1.64467066006	2.52066677703	1.87170402628	1.53249059397
	253	2.24887213907	1.71653340034	1.6724530403	2.53865078954	1.85119414875	1.53058401173
	254	2.30307055731	1.77101953564	1.71930986157	2.56367182804	1.8162996108	1.52831563741
	255	2.3598199958	1.82614503058	1.77563317799	2.58944941746	1.77272919416	1.52624848634
	256	2.41949093424	1.88430535919	1.84043034478	2.61568851528	1.7204662988	1.52432065549
	257	2.46829219817	1.93755355593	1.89014225669	2.63441713385	1.67633978654	1.52300891416
	258	2.53357213924	2.00086793733	1.97021888015	2.66137748656	1.60859692107	1.52128499812
	259	2.60302747833	2.06978256008	2.05630955093	2.68835736859	1.53363260147	1.5196938077
	260	2.67459828689	2.13834006089	2.15053698028	2.71422871112	1.45419098058	1.51810094188
	261	2.73422311243	2.19952560226	2.73662558875	2.21767933051	1.39170426182	1.5172556638
	262	2.8130490795	2.27502520156	2.7659683544	2.31062140076	1.31224731794	1.51590962566
	263	2.89304374867	2.34929770819	2.79742748266	2.39819075243	1.24119080536	1.51438374426
	264	2.9753221885	2.424986551	2.83097866831	2.47732785192	1.18090437158	1.51272253559
	265	3.04350895446	2.49027116343	2.85729680168	2.53200247491	1.14039908854	1.51190284612
	266	3.12843719094	2.56692197396	2.89695891118	2.59580869815	1.10244373218	1.50963337459
	267	3.21550702255	2.64599269567	2.94167033483	2.6537517801	1.07565466576	1.50682041453
	268	3.29991399868	2.72144317807	2.99230200142	2.70768700306	1.05984679034	1.50268253677
	269	3.36636666714	2.78313542085	3.03819687356	2.74977278901	1.05473331547	1.49865499994
	270	3.44639419918	2.85464777972	3.10373720382	2.80542397239	1.05420890687	1.49118764694
	271	3.52392066378	2.92500611289	3.18111633547	2.86693190069	1.06133884018	1.48117796092
	272	3.59616363436	2.98992500187	3.26696776177	2.93405406184	1.07270233339	1.4690792663
	273	3.66427902517	3.05202343133	3.36756840174	3.01171028073	1.09038174289	1.45441908944
	274	3.71187777548	3.09633028945	3.45585373732	3.07958514259	1.10856028149	1.44169485094
	275	3.77078376747	3.14949197242	3.57958503849	3.17687913776	1.13212896262	1.42517853327
	276	3.82600755094	3.19722503819	3.71004885128	3.28189644836	1.15475025738	1.4097183894
	277	3.8617392659	3.23048123831	3.83379325318	3.37971731679	1.18108115313	1.39698564704
	278	3.91031360703	3.26973143234	3.98582445974	3.50396851225	1.20734209023	1.38358738958
	279	3.95422051872	3.30448741245	4.1572067215	3.64195931035	1.24099562592	1.37116417514
	280	3.99513514396	3.33488205216	4.34104092081	3.78570543573	1.28274216596	1.36030103528
	281	4.02101462518	3.35404819063	4.49719268468	3.89718946236	1.33044835023	1.35299467383
	282	4.05685404795	3.37727088657	4.70355163124	4.026293335	1.41272170347	1.34461827109
	283	4.09464067458	3.39869371114	4.90996456595	4.11747560558	1.53459407525	1.33725854383
	284	4.1316336277	3.4178486298	5.12633196388	4.12306142656	1.75450530957	1.33069877972
	285	4.14443915543	3.42443775583	5.33279735156	3.85328779356	2.24177796612	1.32675777186
	286	4.17925567026	3.43945007143	5.56801901675	3.23562500253	3.10867181511	1.32147827703
	287	4.20757175369	3.45025421253	6.10912315041	2.16358717901	4.35322040123	1.31699206985
	288	4.24331870351	3.4636237322	1.7110718012	6.07873856071	5.18179785874	1.3127481422
	289	4.27260421217	3.47313736158	1.42232381469	6.35332047492	5.76930715137	1.30923028126
	290	4.28592540932	3.47561411673	1.31009328621	6.58050991695	6.13062347964	1.30715450483
	291	4.3184198943	3.48620579438	1.24806910863	6.86299242314	6.50498668198	1.30432435309
	292	4.36895171552	3.5062682637	1.22147514126	7.12719966396	6.8266362002	1.30154596446
	293	4.3782160393	3.50780905359	1.20404812203	7.37324373008	7.12086117188	1.30042005982
	294	0.0	0.0	1.19930049812	7.62834058487	7.41631574152	1.29817975093
	295	0.0	0.0	0.0	7.89005444283	7.71865909565	1.29646873864
	296	0.0	0.0	0.0	8.13522242661	8.00129831116	1.29500625627
	297	0.0	0.0	0.0	8.31973888033	8.2147625556	1.2942429622
	298	0.0	0.0	0.0	8.52138687044	8.44766114871	1.29315431621
	299	0.0	0.0	0.0	8.68117770386	8.63215471112	1.29216027252
	300	0.0	0.0	0.0	8.80987115858	8.78132682542	1.29142176298
	301	0.0	0.0	0.0	8.9011267766	8.88789093686	1.29123588834
	302	0.0	0.0	0.0	8.96123243842	8.95756170347	1.2908839357
	303	0.0	0.0	0.0	8.98345154951	8.98344564503	1.29078727966
	304	0.0	0.0	0.0	8.98345154951	8.98345154951	1.29078790903
	305	0.0	0.0	0.0	8.9632090702	8.9632090702	1.29098160666
	306	0.0	0.0	0.0	8.90299395894	8.90299395894	1.29156107348
	307	0.0	0.0	0.0	8.80423295149	8.80423295149	1.29252757799
	308	0.0	0.0	0.0	8.66930106482	8.66930106482	1.2938795086
	309	0.0	0.0	0.0	8.50124797769	8.50124797769	1.29561609509
	310	0.0	0.0	0.0	8.30375464347	8.30375464347	1.29773708346
	311	0.0	0.0	0.0	8.08086205732	8.08086205732	1.30024091326
	312	0.0	0.0	0.0	7.83687857445	7.83687857445	1.30312450104
	313	0.0	0.0	0.0	7.57610622094	7.57610622094	1.30638553986
	314	3.63652734143	3.63652734143	1.13420416163	7.30281674261	7.30281674261	1.31002133292
	315	3.61931253187	3.61931253187	1.1323076468	7.02099497661	7.02099497661	1.31403049927
	316	3.60752395053	3.60752395053	1.1317557188	6.73438948104	6.73438948104	1.31840719561
	317	3.59887639571	3.59887639571	1.13217920873	6.44635686438	6.44635686438	1.32314824687
	318	3.59168804577	3.59168804577	1.13335304893	6.1598827373	6.1598827373	1.32824699811
	319	3.58475015709	3.58475015709	1.135096843	5.87755568571	5.87755568571	1.33371019838
	320	3.5770589283	3.5770589283	1.13729295676	5.60159093457	5.60159093457	1.33952859136
	321	3.56784873511	3.56784873511	1.1398060176	5.33384538773	5.33384538773	1.34571310235
	322	3.55641860397	3.55641860397	1.14254996959	5.07585426458	5.07585426458	1.35226571934
	323	3.54216709079	3.54216709079	1.14541517727	4.8288549051	4.8288549051	1.35920557654
	324	3.52459478333	3.52459478333	1.17329830815	4.59384015815	4.49590960781	1.36655475717
	325	3.50321548269	3.50321548269	4.37156345297	4.37156345297	1.1510452331	1.37435646557
	326	3.47762156412	3.47762156412	4.16259702003	4.16259702003	1.15355224754	1.3826634609
	327	3.44747264497	3.44747264497	3.96730825009	3.96730825009	1.15564549583	1.39155573249
	328	3.41247010666	3.41247010666	3.78592033668	3.78592033668	1.15713911648	1.4011354496
	329	3.37244296561	3.37244296561	3.61848496195	3.61848496195	1.15782415529	1.41152743676
	330	3.32728784498	3.32728784498	3.46489734029	3.46489734029	1.157454056	1.42289087709
	331	3.2770278474	3.2770278474	3.32490099449	3.32490099449	1.15579590466	1.43537397737
	332	3.22181834334	3.22181834334	3.19808306381	3.19808306381	1.15264342219	1.44909793357
	333	3.16193187559	3.16193187559	3.08388695219	3.08388695219	1.14793196384	1.4640532474
	334	3.09777898157	3.09777898157	2.98161037442	2.98161037442	1.1418339629	1.47998189882
	335	3.02989294678	3.02989294678	2.89044315952	2.89044315952	1.13494666356	1.4962251474
	336	2.95889126199	2.95889126199	2.80947716019	2.80947716019	1.12832138356	1.5116583649
	337	2.88547169997	2.88547169997	2.73774681019	2.73774681019	1.12325054842	1.52493094155
	338	2.81036895264	2.81036895264	2.67426138031	2.67426138031	1.12071794174	1.53500907384
	339	2.73432804658	2.73432804658	2.61802359533	2.61802359533	1.12087596791	1.5417045435
	340	2.65808005057	2.65808005057	2.56808590251	2.56808590251	1.12301789676	1.54568483014
	341	2.58231641755	2.58231641755	2.52354747161	2.52354747161	1.12604358049	1.54803061676
	342	2.50767016401	2.50767016401	2.48358820304	2.48358820304	1.12894860857	1.54973733094
	343	2.43471042504	2.43471042504	2.44747597754	2.44747597754	1.13106314994	1.55147659777
	344	2.36393654891	2.36393654891	2.49214286158	2.41456552567	1.09680155637	1.55360133362
	345	2.29578029639	2.29578029639	1.13179343068	2.38430494061	2.38430494061	1.55622736643
	346	2.23060415282	2.23060415282	1.13036111489	2.35622715076	2.35622715076	1.55933086635
	347	2.16872119893	2.16872119893	1.12789468059	2.32994050199	2.32994050199	1.56282929159
	348	2.11038140782	2.11038140782	1.12455795425	2.30512855432	2.30512855432	1.56660224124
	349	2.05580549365	2.05580549365	1.12053884205	2.28153238624	2.28153238624	1.57052270938
	350	2.00516969028	2.00516969028	1.11602667829	2.25895067687	2.25895067687	1.5744712478
	351	1.95862408008	1.95862408008	1.11121205238	2.23721844817	2.23721844817	1.5783440509
	352	1.91630095761	1.91630095761	1.10626960946	2.21621702403	2.21621702403	1.58204506182
	353	1.87830346473	1.87830346473	1.10137775993	2.19585113457	2.19585113457	1.58549559337
	354	1.84472744638	1.84472744638	1.09669836784	2.17605483461	2.17605483461	1.58862399404
	355	1.81564532667	1.81564532667	1.09238427241	2.15677780762	2.15677780762	1.59137965409
	356	1.79111293076	1.79111293076	1.08859225729	2.13798631613	2.13798631613	1.59371968739
	357	1.77117011864	1.77117011864	1.08543665455	2.1196616915	2.1196616915	1.59560836734
	358	1.75583535556	1.75583535556	1.0830403819	2.10179176037	2.10179176037	1.59702360863
	359	1.74509284089	1.74509284089	1.08152116528	2.08437264304	2.08437264304	1.59794874825
	360	1.73890212512	1.73890212512	1.08095843596	2.0674056372	2.0674056372	1.59838119982
	361	1.73718151225	1.73718151225	1.08143295883	2.05089692843	2.05089692843	1.59831346684
	362	1.73980311998	1.73980311998	1.08299681081	2.03485261959	2.03485261959	1.59775883897
	363	1.74659163631	1.74659163631	1.08568526213	2.01928591687	2.01928591687	1.59672390409
	364	1.75731990642	1.75731990642	1.08951442225	2.0042047882	2.0042047882	1.59522773583
	365	1.77171598513	1.77171598513	1.09447318844	1.9896223966	1.9896223966	1.59328827929
	366	1.7894414669	1.7894414669	1.10052142511	1.97554971269	1.97554971269	1.59093143286
	367	1.81011940442	1.81011940442	1.10761761325	1.96200037608	1.96200037608	1.58818419075
	368	1.83332937394	1.83332937394	1.11567835917	1.94898267638	1.94898267638	1.58507481264
	369	1.85861066087	1.85861066087	1.12460942504	1.93650687768	1.93650687768	1.58163540015
	370	1.88549718503	1.88549718503	1.13429814522	1.92458483376	1.92458483376	1.57789933864
	371	1.91350635083	1.91350635083	1.14461772684	1.91322501795	1.91322501795	1.57389816659
	372	1.94216400638	1.94216400638	1.15542533784	1.90243101764	1.90243101764	1.56967090103
	373	1.97102413068	1.97102413068	1.16658254244	1.89221166958	1.89221166958	1.56525033097
	374	1.99967517501	1.99967517501	1.1779328539	1.8825714274	1.8825714274	1.56067334967
	375	2.02773924059	2.02773924059	1.18933897414	1.87351328203	1.87351328203	1.55597700059
	376	2.05492392589	2.05492392589	1.20065322861	1.86503690044	1.86503690044	1.55119510225
	377	2.08095910435	2.08095910435	1.21174663517	1.85714581222	1.85714581222	1.54636489109
	378	2.10566866286	2.10566866286	1.22249658972	1.84983633235	1.84983633235	1.54151853096
	379	2.1289142189	2.1289142189	1.23280024024	1.84310623621	1.84310623621	1.53669255471
	380	2.1506345477	2.1506345477	1.24256045329	1.83695020638	1.83695020638	1.53191893454
	381	2.17079810824	2.17079810824	1.25171094451	1.83135893484	1.83135893484	1.52722945076
	382	2.18943810551	2.18943810551	1.26018627842	1.8263254994	1.8263254994	1.52265212298
	383	2.20660455064	2.20660455064	1.26795165238	1.82183762602	1.82183762602	1.51821605037
	384	2.22238750623	2.22238750623	1.27498024028	1.81788070175	1.81788070175	1.51394387082
	385	2.23689426465	2.23689426465	1.28127140813	1.81443693667	1.81443693667	1.50985409396
	386	2.25023794837	2.25023794837	1.28683653388	1.81148694486	1.81148694486	1.50596081288
	387	2.26254099109	2.26254099109	1.29169909098	1.80900701261	1.80900701261	1.50226812736
	388	2.27391891333	2.27391891333	1.29590825079	1.80697012002	1.80697012002	1.49877406942
	389	2.28448094285	2.28448094285	1.29952273751	1.80534423486	1.80534423486	1.49546775481
	390	2.29432825366	2.29432825366	1.30261376742	1.80409677444	1.80409677444	1.49232201771
	391	2.30354269642	2.30354269642	1.30526989665	1.80318849196	1.80318849196	1.48931092867
	392	2.31218650447	2.31218650447	1.30757800733	1.80257821034	1.80257821034	1.48639748832
	393	2.32030297901	2.32030297901	1.3096261512	1.80222367625	1.80222367625	1.48355095528
	394	2.32791602563	2.32791602563	1.31148673932	1.80208072009	1.80208072009	1.4807521202
	395	2.33502442095	2.33502442095	1.3132151047	1.8021025564	1.8021025564	1.47800015922
	396	2.34160562536	2.34160562536	1.31483763002	1.802250432	1.802250432	1.47531741629
	397	2.34762874531	2.34762874531	1.31635326391	1.80248013272	1.80248013272	1.47274789244
	398	2.3530364685	2.3530364685	1.31774925706	1.80275782359	1.80275782359	1.47035211099
	399	2.3577698896	2.3577698896	1.3189920634	1.80304691389	1.80304691389	1.46819443961
	400	2.36175931224	2.36175931224	1.3200568971	1.80332140033	1.80332140033	1.4663406304
	401	2.36494474196	2.36494474196	1.32091058194	1.80355926052	1.80355926052	1.46484082485
	402	2.36726750233	2.36726750233	1.32153285023	1.80374123375	1.80374123375	1.4637420716
	403	2.36867909488	2.36867909488	1.32191387619	1.80385477269	1.80385477269	1.46307075622
	404	2.36915314091	2.36915314091	1.32204098425	1.80389434259	1.80389434259	1.46284488702

/END DATA